[35m[Appium][39m Welcome to Appium v1.22.3
[35m[Appium][39m Non-default server args:
[35m[Appium][39m   port: 54065
[35m[Appium][39m   loglevel: info
[35m[Appium][39m   tmpDir: C:\Users\IDSTAR~1\AppData\Local\Temp\\Katalon\Appium\Temp1657258888627
[35m[Appium][39m   chromedriverPort: 54066
[35m[Appium][39m Deprecated server args:
[35m[Appium][39m   [31m--chromedriver-port[39m => --default-capabilities
[35m[Appium][39m Default capabilities, which will be added to each request unless overridden by desired capabilities:
[35m[Appium][39m   chromedriverPort: 54066
[35m[Appium][39m Appium REST http interface listener started on 0.0.0.0:54065
[35m[HTTP][39m [37m-->[39m [37mGET[39m [37m/wd/hub/status[39m
[35m[HTTP][39m [90m{}[39m
[35m[HTTP][39m [37m<-- GET /wd/hub/status [39m[32m200[39m [90m8 ms - 68[39m
[35m[HTTP][39m [90m[39m
[35m[HTTP][39m [37m-->[39m [37mGET[39m [37m/wd/hub/status[39m
[35m[HTTP][39m [90m{}[39m
[35m[HTTP][39m [37m<-- GET /wd/hub/status [39m[32m200[39m [90m1 ms - 68[39m
[35m[HTTP][39m [90m[39m
[35m[HTTP][39m [37m-->[39m [37mPOST[39m [37m/wd/hub/session[39m
[35m[HTTP][39m [90m{"desiredCapabilities":{"appActivity":".Settings","appPackage":"com.android.settings","newCommandTimeout":1800,"platformVersion":"12","automationName":"uiautomator2","autoGrantPermissions":true,"platformName":"Android","udid":"ea39a3c0","deviceName":"Xiaomi M2101K6G (Android 12)","platform":"ANDROID","systemPort":8253},"capabilities":{"firstMatch":[{"appium:appActivity":".Settings","appium:appPackage":"com.android.settings","appium:autoGrantPermissions":true,"appium:automationName":"uiautomator2","appium:deviceName":"Xiaomi M2101K6G (Android 12)","appium:newCommandTimeout":1800,"platform":"ANDROID","platformName":"android","appium:platformVersion":"12","appium:systemPort":8253,"appium:udid":"ea39a3c0"}]}}[39m
[35m[BaseDriver][39m The following capabilities are not standard capabilities and should have an extension prefix:
[35m[BaseDriver][39m   platform
[35m[BaseDriver][39m   chromedriverPort
[35m[Appium][39m Appium v1.22.3 creating new AndroidUiautomator2Driver (v1.70.1) session
[35m[BaseDriver][39m The following capabilities were provided, but are not recognized by Appium:
[35m[BaseDriver][39m   platform
[35m[BaseDriver][39m Session created with session id: 0ef82f83-0304-42ff-88e3-5df02f1d2103
[35m[UiAutomator2][39m Starting 'com.android.settings' directly on the device
[35m[ADB][39m Found 2 'build-tools' folders under 'C:\Users\id star\AppData\Local\Android\Sdk' (newest first):
[35m[ADB][39m     C:/Users/id star/AppData/Local/Android/Sdk/build-tools/33.0.0
[35m[ADB][39m     C:/Users/id star/AppData/Local/Android/Sdk/build-tools/30.0.3
[35m[ADB][39m Using 'adb.exe' from 'C:\Users\id star\AppData\Local\Android\Sdk\platform-tools\adb.exe'
[35m[AndroidDriver][39m Retrieving device list
[35m[AndroidDriver][39m Using device: ea39a3c0
[35m[ADB][39m Using 'adb.exe' from 'C:\Users\id star\AppData\Local\Android\Sdk\platform-tools\adb.exe'
[35m[ADB][39m Getting device platform version
[35m[UiAutomator2][39m Relaxing hidden api policy
[35m[AndroidDriver][39m No app sent in, not parsing package/activity
[35m[ADB][39m Using 'apksigner.jar' from 'C:\Users\id star\AppData\Local\Android\Sdk\build-tools\33.0.0\lib\apksigner.jar'
[35m[ADB][39m 'C:\Users\id star\AppData\Roaming\npm\node_modules\appium\node_modules\appium-uiautomator2-server\apks\appium-uiautomator2-server-v4.27.0.apk' is signed with the default certificate
[35m[ADB][39m 'C:\Users\id star\AppData\Roaming\npm\node_modules\appium\node_modules\appium-uiautomator2-server\apks\appium-uiautomator2-server-debug-androidTest.apk' is signed with the default certificate
[35m[UiAutomator2][39m Server packages are not going to be (re)installed
[35m[ADB][39m Adding packages ["io.appium.settings","io.appium.uiautomator2.server","io.appium.uiautomator2.server.test"] to Doze whitelist
[35m[UiAutomator2][39m Starting UIAutomator2 server 4.27.0
[35m[UiAutomator2][39m Using UIAutomator2 server from 'C:\Users\id star\AppData\Roaming\npm\node_modules\appium\node_modules\appium-uiautomator2-server\apks\appium-uiautomator2-server-v4.27.0.apk' and test from 'C:\Users\id star\AppData\Roaming\npm\node_modules\appium\node_modules\appium-uiautomator2-server\apks\appium-uiautomator2-server-debug-androidTest.apk'
[35m[UiAutomator2][39m Waiting up to 30000ms for UiAutomator2 to be online...
[35m[WD Proxy][39m socket hang up
[35m[WD Proxy][39m socket hang up
[35m[WD Proxy][39m socket hang up
[35m[WD Proxy][39m socket hang up
[35m[WD Proxy][39m socket hang up
[35m[WD Proxy][39m socket hang up
[35m[WD Proxy][39m Determined the downstream protocol as 'W3C'
[35m[AndroidDriver][39m Screen already unlocked, doing nothing
[35m[UiAutomator2][39m Starting 'com.android.settings/.Settings and waiting for 'com.android.settings/.Settings'
[35m[Appium][39m New AndroidUiautomator2Driver session created successfully, session 0ef82f83-0304-42ff-88e3-5df02f1d2103 added to master session list
[35m[HTTP][39m [37m<-- POST /wd/hub/session [39m[32m200[39m [90m12696 ms - 1143[39m
[35m[HTTP][39m [90m[39m
[35m[HTTP][39m [37m-->[39m [37mGET[39m [37m/wd/hub/session/0ef82f83-0304-42ff-88e3-5df02f1d2103[39m
[35m[HTTP][39m [90m{}[39m
[35m[HTTP][39m [37m<-- GET /wd/hub/session/0ef82f83-0304-42ff-88e3-5df02f1d2103 [39m[32m200[39m [90m14 ms - 1097[39m
[35m[HTTP][39m [90m[39m
[35m[HTTP][39m [37m-->[39m [37mGET[39m [37m/wd/hub/session/0ef82f83-0304-42ff-88e3-5df02f1d2103[39m
[35m[HTTP][39m [90m{}[39m
[35m[HTTP][39m [37m<-- GET /wd/hub/session/0ef82f83-0304-42ff-88e3-5df02f1d2103 [39m[32m200[39m [90m12 ms - 1097[39m
[35m[HTTP][39m [90m[39m
[35m[HTTP][39m [37m-->[39m [37mGET[39m [37m/wd/hub/status[39m
[35m[HTTP][39m [90m{}[39m
[35m[HTTP][39m [37m<-- GET /wd/hub/status [39m[32m200[39m [90m1 ms - 68[39m
[35m[HTTP][39m [90m[39m
[35m[HTTP][39m [37m-->[39m [37mPOST[39m [37m/wd/hub/session/0ef82f83-0304-42ff-88e3-5df02f1d2103/timeouts[39m
[35m[HTTP][39m [90m{"implicit":60000}[39m
[35m[HTTP][39m [37m<-- POST /wd/hub/session/0ef82f83-0304-42ff-88e3-5df02f1d2103/timeouts [39m[32m200[39m [90m3 ms - 14[39m
[35m[HTTP][39m [90m[39m
[35m[HTTP][39m [37m-->[39m [37mGET[39m [37m/wd/hub/session/0ef82f83-0304-42ff-88e3-5df02f1d2103/screenshot[39m
[35m[HTTP][39m [90m{}[39m
[35m[HTTP][39m [37m<-- GET /wd/hub/session/0ef82f83-0304-42ff-88e3-5df02f1d2103/screenshot [39m[32m200[39m [90m377 ms - 262032[39m
[35m[HTTP][39m [90m[39m
[35m[HTTP][39m [37m-->[39m [37mGET[39m [37m/wd/hub/session/0ef82f83-0304-42ff-88e3-5df02f1d2103/window/rect[39m
[35m[HTTP][39m [90m{}[39m
[35m[HTTP][39m [37m<-- GET /wd/hub/session/0ef82f83-0304-42ff-88e3-5df02f1d2103/window/rect [39m[32m200[39m [90m20 ms - 50[39m
[35m[HTTP][39m [90m[39m
[35m[HTTP][39m [37m-->[39m [37mGET[39m [37m/wd/hub/session/0ef82f83-0304-42ff-88e3-5df02f1d2103/appium/device/system_bars[39m
[35m[HTTP][39m [90m{}[39m
[35m[HTTP][39m [37m<-- GET /wd/hub/session/0ef82f83-0304-42ff-88e3-5df02f1d2103/appium/device/system_bars [39m[32m200[39m [90m90 ms - 145[39m
[35m[HTTP][39m [90m[39m
[35m[HTTP][39m [37m-->[39m [37mPOST[39m [37m/wd/hub/session/0ef82f83-0304-42ff-88e3-5df02f1d2103/appium/device/activate_app[39m
[35m[HTTP][39m [90m{"bundleId":"com.nobubank.nobuepay.walletsit"}[39m
[35m[HTTP][39m [37m<-- POST /wd/hub/session/0ef82f83-0304-42ff-88e3-5df02f1d2103/appium/device/activate_app [39m[32m200[39m [90m3508 ms - 14[39m
[35m[HTTP][39m [90m[39m
[35m[HTTP][39m [37m-->[39m [37mGET[39m [37m/wd/hub/session/0ef82f83-0304-42ff-88e3-5df02f1d2103/source[39m
[35m[HTTP][39m [90m{}[39m
[35m[W3C (0ef82f83)][39m Driver proxy active, passing request on via HTTP proxy
[35m[WD Proxy][39m Replacing sessionId f783b10f-ed9d-4e29-8472-30d77e7abbe2 with 0ef82f83-0304-42ff-88e3-5df02f1d2103
[35m[HTTP][39m [37m<-- GET /wd/hub/session/0ef82f83-0304-42ff-88e3-5df02f1d2103/source [39m[32m200[39m [90m606 ms - 6821[39m
[35m[HTTP][39m [90m[39m
[35m[HTTP][39m [37m-->[39m [37mGET[39m [37m/wd/hub/session/0ef82f83-0304-42ff-88e3-5df02f1d2103/screenshot[39m
[35m[HTTP][39m [90m{}[39m
[35m[HTTP][39m [37m<-- GET /wd/hub/session/0ef82f83-0304-42ff-88e3-5df02f1d2103/screenshot [39m[32m200[39m [90m415 ms - 134752[39m
[35m[HTTP][39m [90m[39m
[35m[HTTP][39m [37m-->[39m [37mPOST[39m [37m/wd/hub/session/0ef82f83-0304-42ff-88e3-5df02f1d2103/elements[39m
[35m[HTTP][39m [90m{"using":"xpath","value":"//*[@class = 'android.widget.TextView' and (@text = 'PIN yang kamu masukkan salah, silakan masukkan kembali dengan benar.' or . = 'PIN yang kamu masukkan salah, silakan masukkan kembali dengan benar.') and @resource-id = 'com.nobubank.nobuepay.walletsit:id/description_confirmation']"}[39m
[35m[HTTP][39m [37m<-- POST /wd/hub/session/0ef82f83-0304-42ff-88e3-5df02f1d2103/elements [39m[32m200[39m [90m274 ms - 139[39m
[35m[HTTP][39m [90m[39m
[35m[HTTP][39m [37m-->[39m [37mPOST[39m [37m/wd/hub/session/0ef82f83-0304-42ff-88e3-5df02f1d2103/elements[39m
[35m[HTTP][39m [90m{"using":"xpath","value":"//*[@class = 'android.widget.Button' and (@text = 'OK' or . = 'OK') and @resource-id = 'com.nobubank.nobuepay.walletsit:id/primary_action_confirmation']"}[39m
[35m[HTTP][39m [37m<-- POST /wd/hub/session/0ef82f83-0304-42ff-88e3-5df02f1d2103/elements [39m[32m200[39m [90m100 ms - 139[39m
[35m[HTTP][39m [90m[39m
[35m[HTTP][39m [37m-->[39m [37mDELETE[39m [37m/wd/hub/session/0ef82f83-0304-42ff-88e3-5df02f1d2103[39m
[35m[HTTP][39m [90m{}[39m
[35m[Appium][39m Removing session 0ef82f83-0304-42ff-88e3-5df02f1d2103 from our master session list
[35m[UiAutomator2][39m Restoring hidden api policy to the device default configuration
[35m[HTTP][39m [37m<-- DELETE /wd/hub/session/0ef82f83-0304-42ff-88e3-5df02f1d2103 [39m[32m200[39m [90m498 ms - 14[39m
[35m[HTTP][39m [90m[39m
