[35m[Appium][39m Welcome to Appium v1.22.3
[35m[Appium][39m Non-default server args:
[35m[Appium][39m   port: 59898
[35m[Appium][39m   loglevel: info
[35m[Appium][39m   tmpDir: C:\Users\IDSTAR~1\AppData\Local\Temp\\Katalon\Appium\Temp1648114066730
[35m[Appium][39m   chromedriverPort: 59901
[35m[Appium][39m Deprecated server args:
[35m[Appium][39m   [31m--chromedriver-port[39m => --default-capabilities
[35m[Appium][39m Default capabilities, which will be added to each request unless overridden by desired capabilities:
[35m[Appium][39m   chromedriverPort: 59901
[35m[Appium][39m Appium REST http interface listener started on 0.0.0.0:59898
[35m[HTTP][39m [37m-->[39m [37mGET[39m [37m/wd/hub/status[39m
[35m[HTTP][39m [90m{}[39m
[35m[HTTP][39m [37m<-- GET /wd/hub/status [39m[32m200[39m [90m9 ms - 68[39m
[35m[HTTP][39m [90m[39m
[35m[HTTP][39m [37m-->[39m [37mGET[39m [37m/wd/hub/status[39m
[35m[HTTP][39m [90m{}[39m
[35m[HTTP][39m [37m<-- GET /wd/hub/status [39m[32m200[39m [90m2 ms - 68[39m
[35m[HTTP][39m [90m[39m
[35m[HTTP][39m [37m-->[39m [37mPOST[39m [37m/wd/hub/session[39m
[35m[HTTP][39m [90m{"desiredCapabilities":{"appPackage":"com.android.settings","deviceId":"ea39a3c0","deviceName":"Xiaomi M2101K6G (Android 12)","platform":"ANDROID","appActivity":".Settings","newCommandTimeout":1800,"platformVersion":"12","automationName":"uiautomator2","autoGrantPermissions":true,"platformName":"Android","udid":"ea39a3c0","systemPort":8288},"capabilities":{"firstMatch":[{"appium:appActivity":".Settings","appium:appPackage":"com.android.settings","appium:autoGrantPermissions":true,"appium:automationName":"uiautomator2","deviceId":"ea39a3c0","appium:deviceName":"Xiaomi M2101K6G (Android 12)","appium:newCommandTimeout":1800,"platform":"ANDROID","platformName":"android","appium:platformVersion":"12","appium:systemPort":8288,"appium:udid":"ea39a3c0"}]}}[39m
[35m[BaseDriver][39m The following capabilities are not standard capabilities and should have an extension prefix:
[35m[BaseDriver][39m   deviceId
[35m[BaseDriver][39m   platform
[35m[BaseDriver][39m   chromedriverPort
[35m[Appium][39m Appium v1.22.3 creating new AndroidUiautomator2Driver (v1.70.1) session
[35m[BaseDriver][39m The following capabilities were provided, but are not recognized by Appium:
[35m[BaseDriver][39m   deviceId
[35m[BaseDriver][39m   platform
[35m[BaseDriver][39m Session created with session id: 217f3865-b85b-420b-83d8-4d3ba361a153
[35m[UiAutomator2][39m Starting 'com.android.settings' directly on the device
[35m[ADB][39m Found 1 'build-tools' folders under 'C:\Users\id star\.katalon\tools\android_sdk' (newest first):
[35m[ADB][39m     C:/Users/id star/.katalon/tools/android_sdk/build-tools/29.0.3
[35m[ADB][39m Using 'adb.exe' from 'C:\Users\id star\.katalon\tools\android_sdk\platform-tools\adb.exe'
[35m[AndroidDriver][39m Retrieving device list
[35m[AndroidDriver][39m Using device: ea39a3c0
[35m[ADB][39m Using 'adb.exe' from 'C:\Users\id star\.katalon\tools\android_sdk\platform-tools\adb.exe'
[35m[ADB][39m Getting device platform version
[35m[UiAutomator2][39m Relaxing hidden api policy
[35m[AndroidDriver][39m No app sent in, not parsing package/activity
[35m[ADB][39m Using 'apksigner.jar' from 'C:\Users\id star\.katalon\tools\android_sdk\build-tools\29.0.3\lib\apksigner.jar'
[35m[ADB][39m 'C:\Users\id star\AppData\Roaming\npm\node_modules\appium\node_modules\appium-uiautomator2-server\apks\appium-uiautomator2-server-v4.27.0.apk' is signed with the default certificate
[35m[ADB][39m 'C:\Users\id star\AppData\Roaming\npm\node_modules\appium\node_modules\appium-uiautomator2-server\apks\appium-uiautomator2-server-debug-androidTest.apk' is signed with the default certificate
[35m[UiAutomator2][39m Server packages are not going to be (re)installed
[35m[ADB][39m Adding packages ["io.appium.settings","io.appium.uiautomator2.server","io.appium.uiautomator2.server.test"] to Doze whitelist
[35m[UiAutomator2][39m Starting UIAutomator2 server 4.27.0
[35m[UiAutomator2][39m Using UIAutomator2 server from 'C:\Users\id star\AppData\Roaming\npm\node_modules\appium\node_modules\appium-uiautomator2-server\apks\appium-uiautomator2-server-v4.27.0.apk' and test from 'C:\Users\id star\AppData\Roaming\npm\node_modules\appium\node_modules\appium-uiautomator2-server\apks\appium-uiautomator2-server-debug-androidTest.apk'
[35m[UiAutomator2][39m Waiting up to 30000ms for UiAutomator2 to be online...
[35m[WD Proxy][39m socket hang up
[35m[WD Proxy][39m socket hang up
[35m[WD Proxy][39m socket hang up
[35m[WD Proxy][39m socket hang up
[35m[WD Proxy][39m socket hang up
[35m[WD Proxy][39m socket hang up
[35m[WD Proxy][39m socket hang up
[35m[WD Proxy][39m Determined the downstream protocol as 'W3C'
[35m[AndroidDriver][39m Screen already unlocked, doing nothing
[35m[UiAutomator2][39m Starting 'com.android.settings/.Settings and waiting for 'com.android.settings/.Settings'
[35m[Appium][39m New AndroidUiautomator2Driver session created successfully, session 217f3865-b85b-420b-83d8-4d3ba361a153 added to master session list
[35m[HTTP][39m [37m<-- POST /wd/hub/session [39m[32m200[39m [90m19709 ms - 1187[39m
[35m[HTTP][39m [90m[39m
[35m[HTTP][39m [37m-->[39m [37mGET[39m [37m/wd/hub/session/217f3865-b85b-420b-83d8-4d3ba361a153[39m
[35m[HTTP][39m [90m{}[39m
[35m[HTTP][39m [37m<-- GET /wd/hub/session/217f3865-b85b-420b-83d8-4d3ba361a153 [39m[32m200[39m [90m22 ms - 1141[39m
[35m[HTTP][39m [90m[39m
[35m[HTTP][39m [37m-->[39m [37mGET[39m [37m/wd/hub/session/217f3865-b85b-420b-83d8-4d3ba361a153[39m
[35m[HTTP][39m [90m{}[39m
[35m[HTTP][39m [37m<-- GET /wd/hub/session/217f3865-b85b-420b-83d8-4d3ba361a153 [39m[32m200[39m [90m15 ms - 1141[39m
[35m[HTTP][39m [90m[39m
[35m[HTTP][39m [37m-->[39m [37mGET[39m [37m/wd/hub/status[39m
[35m[HTTP][39m [90m{}[39m
[35m[HTTP][39m [37m<-- GET /wd/hub/status [39m[32m200[39m [90m5 ms - 68[39m
[35m[HTTP][39m [90m[39m
[35m[HTTP][39m [37m-->[39m [37mPOST[39m [37m/wd/hub/session/217f3865-b85b-420b-83d8-4d3ba361a153/timeouts[39m
[35m[HTTP][39m [90m{"implicit":60000}[39m
[35m[HTTP][39m [37m<-- POST /wd/hub/session/217f3865-b85b-420b-83d8-4d3ba361a153/timeouts [39m[32m200[39m [90m6 ms - 14[39m
[35m[HTTP][39m [90m[39m
[35m[HTTP][39m [37m-->[39m [37mGET[39m [37m/wd/hub/session/217f3865-b85b-420b-83d8-4d3ba361a153/screenshot[39m
[35m[HTTP][39m [90m{}[39m
[35m[HTTP][39m [37m<-- GET /wd/hub/session/217f3865-b85b-420b-83d8-4d3ba361a153/screenshot [39m[32m200[39m [90m359 ms - 189002[39m
[35m[HTTP][39m [90m[39m
[35m[HTTP][39m [37m-->[39m [37mGET[39m [37m/wd/hub/session/217f3865-b85b-420b-83d8-4d3ba361a153/window/rect[39m
[35m[HTTP][39m [90m{}[39m
[35m[HTTP][39m [37m<-- GET /wd/hub/session/217f3865-b85b-420b-83d8-4d3ba361a153/window/rect [39m[32m200[39m [90m40 ms - 50[39m
[35m[HTTP][39m [90m[39m
[35m[HTTP][39m [37m-->[39m [37mGET[39m [37m/wd/hub/session/217f3865-b85b-420b-83d8-4d3ba361a153/appium/device/system_bars[39m
[35m[HTTP][39m [90m{}[39m
[35m[HTTP][39m [37m<-- GET /wd/hub/session/217f3865-b85b-420b-83d8-4d3ba361a153/appium/device/system_bars [39m[32m200[39m [90m231 ms - 145[39m
[35m[HTTP][39m [90m[39m
[35m[HTTP][39m [37m-->[39m [37mPOST[39m [37m/wd/hub/session/217f3865-b85b-420b-83d8-4d3ba361a153/appium/device/activate_app[39m
[35m[HTTP][39m [90m{"bundleId":"com.nobubank.nobuepay.walletsit"}[39m
[35m[HTTP][39m [37m<-- POST /wd/hub/session/217f3865-b85b-420b-83d8-4d3ba361a153/appium/device/activate_app [39m[32m200[39m [90m4752 ms - 14[39m
[35m[HTTP][39m [90m[39m
[35m[HTTP][39m [37m-->[39m [37mGET[39m [37m/wd/hub/session/217f3865-b85b-420b-83d8-4d3ba361a153/source[39m
[35m[HTTP][39m [90m{}[39m
[35m[W3C (217f3865)][39m Driver proxy active, passing request on via HTTP proxy
[35m[WD Proxy][39m Replacing sessionId e59f9760-d1d5-446c-8aad-71264882232a with 217f3865-b85b-420b-83d8-4d3ba361a153
[35m[HTTP][39m [37m<-- GET /wd/hub/session/217f3865-b85b-420b-83d8-4d3ba361a153/source [39m[32m200[39m [90m1137 ms - 8034[39m
[35m[HTTP][39m [90m[39m
[35m[HTTP][39m [37m-->[39m [37mGET[39m [37m/wd/hub/session/217f3865-b85b-420b-83d8-4d3ba361a153/screenshot[39m
[35m[HTTP][39m [90m{}[39m
[35m[HTTP][39m [37m<-- GET /wd/hub/session/217f3865-b85b-420b-83d8-4d3ba361a153/screenshot [39m[32m200[39m [90m581 ms - 153594[39m
[35m[HTTP][39m [90m[39m
[35m[HTTP][39m [37m-->[39m [37mPOST[39m [37m/wd/hub/session/217f3865-b85b-420b-83d8-4d3ba361a153/elements[39m
[35m[HTTP][39m [90m{"using":"xpath","value":"//*[@class = 'android.widget.TextView' and (@text = 'Masukkan Kode Verifikasi' or . = 'Masukkan Kode Verifikasi') and @resource-id = 'com.nobubank.nobuepay.walletsit:id/titleView']"}[39m
[35m[HTTP][39m [37m<-- POST /wd/hub/session/217f3865-b85b-420b-83d8-4d3ba361a153/elements [39m[32m200[39m [90m370 ms - 139[39m
[35m[HTTP][39m [90m[39m
[35m[HTTP][39m [37m-->[39m [37mGET[39m [37m/wd/hub/session/217f3865-b85b-420b-83d8-4d3ba361a153/window/rect[39m
[35m[HTTP][39m [90m{}[39m
[35m[HTTP][39m [37m<-- GET /wd/hub/session/217f3865-b85b-420b-83d8-4d3ba361a153/window/rect [39m[32m200[39m [90m29 ms - 50[39m
[35m[HTTP][39m [90m[39m
[35m[HTTP][39m [37m-->[39m [37mPOST[39m [37m/wd/hub/session/217f3865-b85b-420b-83d8-4d3ba361a153/elements[39m
[35m[HTTP][39m [90m{"using":"xpath","value":"//*[@class = 'android.widget.TextView' and (@text = 'Masukkan Kode Verifikasi' or . = 'Masukkan Kode Verifikasi') and @resource-id = 'com.nobubank.nobuepay.walletsit:id/titleView']"}[39m
[35m[HTTP][39m [37m<-- POST /wd/hub/session/217f3865-b85b-420b-83d8-4d3ba361a153/elements [39m[32m200[39m [90m162 ms - 139[39m
[35m[HTTP][39m [90m[39m
[35m[HTTP][39m [37m-->[39m [37mGET[39m [37m/wd/hub/session/217f3865-b85b-420b-83d8-4d3ba361a153/element/00000000-0000-00c3-ffff-ffff0000011d/location[39m
[35m[HTTP][39m [90m{}[39m
[35m[W3C (217f3865)][39m Driver proxy active, passing request on via HTTP proxy
[35m[WD Proxy][39m Replacing sessionId e59f9760-d1d5-446c-8aad-71264882232a with 217f3865-b85b-420b-83d8-4d3ba361a153
[35m[HTTP][39m [37m<-- GET /wd/hub/session/217f3865-b85b-420b-83d8-4d3ba361a153/element/00000000-0000-00c3-ffff-ffff0000011d/location [39m[32m200[39m [90m35 ms - 77[39m
[35m[HTTP][39m [90m[39m
[35m[HTTP][39m [37m-->[39m [37mPOST[39m [37m/wd/hub/session/217f3865-b85b-420b-83d8-4d3ba361a153/touch/perform[39m
[35m[HTTP][39m [90m{"actions":[{"action":"tap","options":{"x":1,"y":1,"element":"00000000-0000-00c3-ffff-ffff0000011d"}}]}[39m
[35m[UiAutomator2][39m calling get location: 00000000-0000-00c3-ffff-ffff0000011d
[35m[HTTP][39m [37m<-- POST /wd/hub/session/217f3865-b85b-420b-83d8-4d3ba361a153/touch/perform [39m[32m200[39m [90m222 ms - 14[39m
[35m[HTTP][39m [90m[39m
[35m[HTTP][39m [37m-->[39m [37mGET[39m [37m/wd/hub/session/217f3865-b85b-420b-83d8-4d3ba361a153/source[39m
[35m[HTTP][39m [90m{}[39m
[35m[W3C (217f3865)][39m Driver proxy active, passing request on via HTTP proxy
[35m[WD Proxy][39m Replacing sessionId e59f9760-d1d5-446c-8aad-71264882232a with 217f3865-b85b-420b-83d8-4d3ba361a153
[35m[HTTP][39m [37m<-- GET /wd/hub/session/217f3865-b85b-420b-83d8-4d3ba361a153/source [39m[32m200[39m [90m147 ms - 8034[39m
[35m[HTTP][39m [90m[39m
[35m[HTTP][39m [37m-->[39m [37mGET[39m [37m/wd/hub/session/217f3865-b85b-420b-83d8-4d3ba361a153/screenshot[39m
[35m[HTTP][39m [90m{}[39m
[35m[HTTP][39m [37m<-- GET /wd/hub/session/217f3865-b85b-420b-83d8-4d3ba361a153/screenshot [39m[32m200[39m [90m599 ms - 153550[39m
[35m[HTTP][39m [90m[39m
[35m[HTTP][39m [37m-->[39m [37mPOST[39m [37m/wd/hub/session/217f3865-b85b-420b-83d8-4d3ba361a153/elements[39m
[35m[HTTP][39m [90m{"using":"xpath","value":"//*[@class = 'android.widget.TextView' and (@text = 'Silakan masukan kode OTP yang kamu terima di nomor ********9916' or . = 'Silakan masukan kode OTP yang kamu terima di nomor ********9916') and @resource-id = 'com.nobubank.nobuepay.walletsit:id/descView']"}[39m
[35m[HTTP][39m [37m<-- POST /wd/hub/session/217f3865-b85b-420b-83d8-4d3ba361a153/elements [39m[32m200[39m [90m168 ms - 139[39m
[35m[HTTP][39m [90m[39m
[35m[HTTP][39m [37m-->[39m [37mGET[39m [37m/wd/hub/session/217f3865-b85b-420b-83d8-4d3ba361a153/window/rect[39m
[35m[HTTP][39m [90m{}[39m
[35m[HTTP][39m [37m<-- GET /wd/hub/session/217f3865-b85b-420b-83d8-4d3ba361a153/window/rect [39m[32m200[39m [90m28 ms - 50[39m
[35m[HTTP][39m [90m[39m
[35m[HTTP][39m [37m-->[39m [37mPOST[39m [37m/wd/hub/session/217f3865-b85b-420b-83d8-4d3ba361a153/elements[39m
[35m[HTTP][39m [90m{"using":"xpath","value":"//*[@class = 'android.widget.TextView' and (@text = 'Silakan masukan kode OTP yang kamu terima di nomor ********9916' or . = 'Silakan masukan kode OTP yang kamu terima di nomor ********9916') and @resource-id = 'com.nobubank.nobuepay.walletsit:id/descView']"}[39m
[35m[HTTP][39m [37m<-- POST /wd/hub/session/217f3865-b85b-420b-83d8-4d3ba361a153/elements [39m[32m200[39m [90m135 ms - 139[39m
[35m[HTTP][39m [90m[39m
[35m[HTTP][39m [37m-->[39m [37mGET[39m [37m/wd/hub/session/217f3865-b85b-420b-83d8-4d3ba361a153/element/00000000-0000-00c3-ffff-ffff0000011e/location[39m
[35m[HTTP][39m [90m{}[39m
[35m[W3C (217f3865)][39m Driver proxy active, passing request on via HTTP proxy
[35m[WD Proxy][39m Replacing sessionId e59f9760-d1d5-446c-8aad-71264882232a with 217f3865-b85b-420b-83d8-4d3ba361a153
[35m[HTTP][39m [37m<-- GET /wd/hub/session/217f3865-b85b-420b-83d8-4d3ba361a153/element/00000000-0000-00c3-ffff-ffff0000011e/location [39m[32m200[39m [90m31 ms - 77[39m
[35m[HTTP][39m [90m[39m
[35m[HTTP][39m [37m-->[39m [37mPOST[39m [37m/wd/hub/session/217f3865-b85b-420b-83d8-4d3ba361a153/touch/perform[39m
[35m[HTTP][39m [90m{"actions":[{"action":"tap","options":{"x":1,"y":1,"element":"00000000-0000-00c3-ffff-ffff0000011e"}}]}[39m
[35m[UiAutomator2][39m calling get location: 00000000-0000-00c3-ffff-ffff0000011e
[35m[HTTP][39m [37m<-- POST /wd/hub/session/217f3865-b85b-420b-83d8-4d3ba361a153/touch/perform [39m[32m200[39m [90m211 ms - 14[39m
[35m[HTTP][39m [90m[39m
[35m[HTTP][39m [37m-->[39m [37mGET[39m [37m/wd/hub/session/217f3865-b85b-420b-83d8-4d3ba361a153/source[39m
[35m[HTTP][39m [90m{}[39m
[35m[W3C (217f3865)][39m Driver proxy active, passing request on via HTTP proxy
[35m[WD Proxy][39m Replacing sessionId e59f9760-d1d5-446c-8aad-71264882232a with 217f3865-b85b-420b-83d8-4d3ba361a153
[35m[HTTP][39m [37m<-- GET /wd/hub/session/217f3865-b85b-420b-83d8-4d3ba361a153/source [39m[32m200[39m [90m119 ms - 8034[39m
[35m[HTTP][39m [90m[39m
[35m[HTTP][39m [37m-->[39m [37mGET[39m [37m/wd/hub/session/217f3865-b85b-420b-83d8-4d3ba361a153/screenshot[39m
[35m[HTTP][39m [90m{}[39m
[35m[HTTP][39m [37m<-- GET /wd/hub/session/217f3865-b85b-420b-83d8-4d3ba361a153/screenshot [39m[32m200[39m [90m551 ms - 152754[39m
[35m[HTTP][39m [90m[39m
[35m[HTTP][39m [37m-->[39m [37mDELETE[39m [37m/wd/hub/session/217f3865-b85b-420b-83d8-4d3ba361a153[39m
[35m[HTTP][39m [90m{}[39m
[35m[Appium][39m Removing session 217f3865-b85b-420b-83d8-4d3ba361a153 from our master session list
[35m[UiAutomator2][39m Restoring hidden api policy to the device default configuration
[35m[HTTP][39m [37m<-- DELETE /wd/hub/session/217f3865-b85b-420b-83d8-4d3ba361a153 [39m[32m200[39m [90m693 ms - 14[39m
[35m[HTTP][39m [90m[39m
